Starting OrderMasterRepositoryTest using Java 1.8.0_312 on xiaxinyudeMacBook-Pro.local with PID 11480 (started by xiaxinyu in /Users/xiaxinyu/Desktop/github-repo/OrderSystem)
No active profile set, falling back to default profiles: default
HV000001: Hibernate Validator 6.0.11.Final
Bootstrapping Spring Data JPA repositories in DEFAULT mode.
Finished Spring Data repository scanning in 58 ms. Found 4 JPA repository interfaces.
HikariPool-1 - Starting...
HikariPool-1 - Start completed.
HHH000204: Processing PersistenceUnitInfo [name: default]
HHH000412: Hibernate ORM core version 5.6.3.Final
HCANN000001: Hibernate Commons Annotations {5.1.2.Final}
HHH000400: Using dialect: org.hibernate.dialect.MySQL57Dialect
HHH000490: Using JtaPlatform implementation: [org.hibernate.engine.transaction.jta.platform.internal.NoJtaPlatform]
Initialized JPA EntityManagerFactory for persistence unit 'default'
spring.jpa.open-in-view is enabled by default. Therefore, database queries may be performed during view rendering. Explicitly configure spring.jpa.open-in-view to disable this warning
Cannot find template location: classpath:/templates/ (please add some templates or check your Thymeleaf configuration)
Started OrderMasterRepositoryTest in 5.609 seconds (JVM running for 7.129)
Closing JPA EntityManagerFactory for persistence unit 'default'
HikariPool-1 - Shutdown initiated...
HikariPool-1 - Shutdown completed.
Starting OrderMasterRepositoryTest using Java 1.8.0_312 on xiaxinyudeMacBook-Pro.local with PID 11518 (started by xiaxinyu in /Users/xiaxinyu/Desktop/github-repo/OrderSystem)
No active profile set, falling back to default profiles: default
HV000001: Hibernate Validator 6.0.11.Final
Bootstrapping Spring Data JPA repositories in DEFAULT mode.
Finished Spring Data repository scanning in 49 ms. Found 4 JPA repository interfaces.
HikariPool-1 - Starting...
HikariPool-1 - Start completed.
HHH000204: Processing PersistenceUnitInfo [name: default]
HHH000412: Hibernate ORM core version 5.6.3.Final
HCANN000001: Hibernate Commons Annotations {5.1.2.Final}
HHH000400: Using dialect: org.hibernate.dialect.MySQL57Dialect
HHH000490: Using JtaPlatform implementation: [org.hibernate.engine.transaction.jta.platform.internal.NoJtaPlatform]
Initialized JPA EntityManagerFactory for persistence unit 'default'
spring.jpa.open-in-view is enabled by default. Therefore, database queries may be performed during view rendering. Explicitly configure spring.jpa.open-in-view to disable this warning
Cannot find template location: classpath:/templates/ (please add some templates or check your Thymeleaf configuration)
Started OrderMasterRepositoryTest in 4.548 seconds (JVM running for 5.643)
Closing JPA EntityManagerFactory for persistence unit 'default'
HikariPool-1 - Shutdown initiated...
HikariPool-1 - Shutdown completed.
Starting OrderMasterRepositoryTest using Java 1.8.0_312 on xiaxinyudeMacBook-Pro.local with PID 11533 (started by xiaxinyu in /Users/xiaxinyu/Desktop/github-repo/OrderSystem)
No active profile set, falling back to default profiles: default
HV000001: Hibernate Validator 6.0.11.Final
Bootstrapping Spring Data JPA repositories in DEFAULT mode.
Finished Spring Data repository scanning in 51 ms. Found 4 JPA repository interfaces.
HikariPool-1 - Starting...
HikariPool-1 - Start completed.
HHH000204: Processing PersistenceUnitInfo [name: default]
HHH000412: Hibernate ORM core version 5.6.3.Final
HCANN000001: Hibernate Commons Annotations {5.1.2.Final}
HHH000400: Using dialect: org.hibernate.dialect.MySQL57Dialect
HHH000490: Using JtaPlatform implementation: [org.hibernate.engine.transaction.jta.platform.internal.NoJtaPlatform]
Initialized JPA EntityManagerFactory for persistence unit 'default'
spring.jpa.open-in-view is enabled by default. Therefore, database queries may be performed during view rendering. Explicitly configure spring.jpa.open-in-view to disable this warning
Cannot find template location: classpath:/templates/ (please add some templates or check your Thymeleaf configuration)
Started OrderMasterRepositoryTest in 4.696 seconds (JVM running for 5.791)
Closing JPA EntityManagerFactory for persistence unit 'default'
HikariPool-1 - Shutdown initiated...
HikariPool-1 - Shutdown completed.
Starting OrderMasterRepositoryTest using Java 1.8.0_312 on xiaxinyudeMacBook-Pro.local with PID 11578 (started by xiaxinyu in /Users/xiaxinyu/Desktop/github-repo/OrderSystem)
No active profile set, falling back to default profiles: default
HV000001: Hibernate Validator 6.0.11.Final
Bootstrapping Spring Data JPA repositories in DEFAULT mode.
Finished Spring Data repository scanning in 70 ms. Found 4 JPA repository interfaces.
HikariPool-1 - Starting...
HikariPool-1 - Start completed.
HHH000204: Processing PersistenceUnitInfo [name: default]
HHH000412: Hibernate ORM core version 5.6.3.Final
HCANN000001: Hibernate Commons Annotations {5.1.2.Final}
HHH000400: Using dialect: org.hibernate.dialect.MySQL57Dialect
HHH000490: Using JtaPlatform implementation: [org.hibernate.engine.transaction.jta.platform.internal.NoJtaPlatform]
Initialized JPA EntityManagerFactory for persistence unit 'default'
spring.jpa.open-in-view is enabled by default. Therefore, database queries may be performed during view rendering. Explicitly configure spring.jpa.open-in-view to disable this warning
Cannot find template location: classpath:/templates/ (please add some templates or check your Thymeleaf configuration)
Exception encountered during context initialization - cancelling refresh attempt: org.springframework.beans.factory.BeanCreationException: Error creating bean with name 'orderMasterRepository' defined in com.xiaxinyu.ordersystem.repository.OrderMasterRepository defined in @EnableJpaRepositories declared on JpaRepositoriesRegistrar.EnableJpaRepositoriesConfiguration: Invocation of init method failed; nested exception is org.springframework.data.repository.query.QueryCreationException: Could not create query for public abstract org.springframework.data.domain.Page com.xiaxinyu.ordersystem.repository.OrderMasterRepository.findByOpenid(java.lang.String,org.springframework.data.domain.Pageable)! Reason: Failed to create query for method public abstract org.springframework.data.domain.Page com.xiaxinyu.ordersystem.repository.OrderMasterRepository.findByOpenid(java.lang.String,org.springframework.data.domain.Pageable)! No property openid found for type OrderMaster!; nested exception is java.lang.IllegalArgumentException: Failed to create query for method public abstract org.springframework.data.domain.Page com.xiaxinyu.ordersystem.repository.OrderMasterRepository.findByOpenid(java.lang.String,org.springframework.data.domain.Pageable)! No property openid found for type OrderMaster!
Closing JPA EntityManagerFactory for persistence unit 'default'
HikariPool-1 - Shutdown initiated...
HikariPool-1 - Shutdown completed.


Error starting ApplicationContext. To display the conditions report re-run your application with 'debug' enabled.
Starting OrderMasterRepositoryTest using Java 1.8.0_312 on xiaxinyudeMacBook-Pro.local with PID 11591 (started by xiaxinyu in /Users/xiaxinyu/Desktop/github-repo/OrderSystem)
No active profile set, falling back to default profiles: default
HV000001: Hibernate Validator 6.0.11.Final
Bootstrapping Spring Data JPA repositories in DEFAULT mode.
Finished Spring Data repository scanning in 63 ms. Found 4 JPA repository interfaces.
HikariPool-1 - Starting...
HikariPool-1 - Start completed.
HHH000204: Processing PersistenceUnitInfo [name: default]
HHH000412: Hibernate ORM core version 5.6.3.Final
HCANN000001: Hibernate Commons Annotations {5.1.2.Final}
HHH000400: Using dialect: org.hibernate.dialect.MySQL57Dialect
HHH000490: Using JtaPlatform implementation: [org.hibernate.engine.transaction.jta.platform.internal.NoJtaPlatform]
Initialized JPA EntityManagerFactory for persistence unit 'default'
spring.jpa.open-in-view is enabled by default. Therefore, database queries may be performed during view rendering. Explicitly configure spring.jpa.open-in-view to disable this warning
Cannot find template location: classpath:/templates/ (please add some templates or check your Thymeleaf configuration)
Exception encountered during context initialization - cancelling refresh attempt: org.springframework.beans.factory.BeanCreationException: Error creating bean with name 'orderMasterRepository' defined in com.xiaxinyu.ordersystem.repository.OrderMasterRepository defined in @EnableJpaRepositories declared on JpaRepositoriesRegistrar.EnableJpaRepositoriesConfiguration: Invocation of init method failed; nested exception is org.springframework.data.repository.query.QueryCreationException: Could not create query for public abstract org.springframework.data.domain.Page com.xiaxinyu.ordersystem.repository.OrderMasterRepository.findByOpenid(java.lang.String,org.springframework.data.domain.Pageable)! Reason: Failed to create query for method public abstract org.springframework.data.domain.Page com.xiaxinyu.ordersystem.repository.OrderMasterRepository.findByOpenid(java.lang.String,org.springframework.data.domain.Pageable)! No property openid found for type OrderMaster!; nested exception is java.lang.IllegalArgumentException: Failed to create query for method public abstract org.springframework.data.domain.Page com.xiaxinyu.ordersystem.repository.OrderMasterRepository.findByOpenid(java.lang.String,org.springframework.data.domain.Pageable)! No property openid found for type OrderMaster!
Closing JPA EntityManagerFactory for persistence unit 'default'
HikariPool-1 - Shutdown initiated...
HikariPool-1 - Shutdown completed.


Error starting ApplicationContext. To display the conditions report re-run your application with 'debug' enabled.
Starting OrderMasterRepositoryTest using Java 1.8.0_312 on xiaxinyudeMacBook-Pro.local with PID 11607 (started by xiaxinyu in /Users/xiaxinyu/Desktop/github-repo/OrderSystem)
No active profile set, falling back to default profiles: default
HV000001: Hibernate Validator 6.0.11.Final
Bootstrapping Spring Data JPA repositories in DEFAULT mode.
Finished Spring Data repository scanning in 78 ms. Found 4 JPA repository interfaces.
HikariPool-1 - Starting...
HikariPool-1 - Start completed.
HHH000204: Processing PersistenceUnitInfo [name: default]
HHH000412: Hibernate ORM core version 5.6.3.Final
HCANN000001: Hibernate Commons Annotations {5.1.2.Final}
HHH000400: Using dialect: org.hibernate.dialect.MySQL57Dialect
HHH000490: Using JtaPlatform implementation: [org.hibernate.engine.transaction.jta.platform.internal.NoJtaPlatform]
Initialized JPA EntityManagerFactory for persistence unit 'default'
spring.jpa.open-in-view is enabled by default. Therefore, database queries may be performed during view rendering. Explicitly configure spring.jpa.open-in-view to disable this warning
Cannot find template location: classpath:/templates/ (please add some templates or check your Thymeleaf configuration)
Started OrderMasterRepositoryTest in 5.963 seconds (JVM running for 7.895)
HikariPool-1 - Thread starvation or clock leap detected (housekeeper delta=1m28s762ms).
Closing JPA EntityManagerFactory for persistence unit 'default'
HikariPool-1 - Shutdown initiated...
HikariPool-1 - Shutdown completed.
HV000001: Hibernate Validator 6.0.11.Final
Starting OrderMasterRepositoryTest using Java 1.8.0_312 on xiaxinyudeMacBook-Pro.local with PID 11619 (started by xiaxinyu in /Users/xiaxinyu/Desktop/github-repo/OrderSystem)
No active profile set, falling back to default profiles: default
Bootstrapping Spring Data JPA repositories in DEFAULT mode.
Finished Spring Data repository scanning in 67 ms. Found 4 JPA repository interfaces.
HikariPool-1 - Starting...
HikariPool-1 - Start completed.
HHH000204: Processing PersistenceUnitInfo [name: default]
HHH000412: Hibernate ORM core version 5.6.3.Final
HCANN000001: Hibernate Commons Annotations {5.1.2.Final}
HHH000400: Using dialect: org.hibernate.dialect.MySQL57Dialect
HHH000490: Using JtaPlatform implementation: [org.hibernate.engine.transaction.jta.platform.internal.NoJtaPlatform]
Initialized JPA EntityManagerFactory for persistence unit 'default'
spring.jpa.open-in-view is enabled by default. Therefore, database queries may be performed during view rendering. Explicitly configure spring.jpa.open-in-view to disable this warning
Cannot find template location: classpath:/templates/ (please add some templates or check your Thymeleaf configuration)
Started OrderMasterRepositoryTest in 6.075 seconds (JVM running for 7.36)
HikariPool-1 - Thread starvation or clock leap detected (housekeeper delta=1m41s453ms).
Closing JPA EntityManagerFactory for persistence unit 'default'
HikariPool-1 - Shutdown initiated...
HikariPool-1 - Shutdown completed.
Starting OrderMasterRepositoryTest using Java 1.8.0_312 on xiaxinyudeMacBook-Pro.local with PID 11631 (started by xiaxinyu in /Users/xiaxinyu/Desktop/github-repo/OrderSystem)
No active profile set, falling back to default profiles: default
HV000001: Hibernate Validator 6.0.11.Final
Bootstrapping Spring Data JPA repositories in DEFAULT mode.
Finished Spring Data repository scanning in 65 ms. Found 4 JPA repository interfaces.
HikariPool-1 - Starting...
HikariPool-1 - Start completed.
HHH000204: Processing PersistenceUnitInfo [name: default]
HHH000412: Hibernate ORM core version 5.6.3.Final
HCANN000001: Hibernate Commons Annotations {5.1.2.Final}
HHH000400: Using dialect: org.hibernate.dialect.MySQL57Dialect
HHH000490: Using JtaPlatform implementation: [org.hibernate.engine.transaction.jta.platform.internal.NoJtaPlatform]
Initialized JPA EntityManagerFactory for persistence unit 'default'
spring.jpa.open-in-view is enabled by default. Therefore, database queries may be performed during view rendering. Explicitly configure spring.jpa.open-in-view to disable this warning
Cannot find template location: classpath:/templates/ (please add some templates or check your Thymeleaf configuration)
Started OrderMasterRepositoryTest in 5.654 seconds (JVM running for 6.988)
HikariPool-1 - Thread starvation or clock leap detected (housekeeper delta=2m159ms).
Closing JPA EntityManagerFactory for persistence unit 'default'
HikariPool-1 - Shutdown initiated...
HikariPool-1 - Shutdown completed.
Starting OrderMasterRepositoryTest using Java 1.8.0_312 on xiaxinyudeMacBook-Pro.local with PID 11684 (started by xiaxinyu in /Users/xiaxinyu/Desktop/github-repo/OrderSystem)
No active profile set, falling back to default profiles: default
HV000001: Hibernate Validator 6.0.11.Final
Bootstrapping Spring Data JPA repositories in DEFAULT mode.
Finished Spring Data repository scanning in 155 ms. Found 4 JPA repository interfaces.
HV000001: Hibernate Validator 6.0.11.Final
Starting OrderDetailRepositoryTest using Java 1.8.0_312 on xiaxinyudeMacBook-Pro.local with PID 11687 (started by xiaxinyu in /Users/xiaxinyu/Desktop/github-repo/OrderSystem)
No active profile set, falling back to default profiles: default
HikariPool-1 - Starting...
HikariPool-1 - Start completed.
HHH000204: Processing PersistenceUnitInfo [name: default]
HHH000412: Hibernate ORM core version 5.6.3.Final
Bootstrapping Spring Data JPA repositories in DEFAULT mode.
Finished Spring Data repository scanning in 91 ms. Found 4 JPA repository interfaces.
HCANN000001: Hibernate Commons Annotations {5.1.2.Final}
HHH000400: Using dialect: org.hibernate.dialect.MySQL57Dialect
HikariPool-1 - Starting...
HikariPool-1 - Start completed.
HHH000204: Processing PersistenceUnitInfo [name: default]
HHH000412: Hibernate ORM core version 5.6.3.Final
HHH000490: Using JtaPlatform implementation: [org.hibernate.engine.transaction.jta.platform.internal.NoJtaPlatform]
Initialized JPA EntityManagerFactory for persistence unit 'default'
HCANN000001: Hibernate Commons Annotations {5.1.2.Final}
HHH000400: Using dialect: org.hibernate.dialect.MySQL57Dialect
spring.jpa.open-in-view is enabled by default. Therefore, database queries may be performed during view rendering. Explicitly configure spring.jpa.open-in-view to disable this warning
HHH000490: Using JtaPlatform implementation: [org.hibernate.engine.transaction.jta.platform.internal.NoJtaPlatform]
Initialized JPA EntityManagerFactory for persistence unit 'default'
spring.jpa.open-in-view is enabled by default. Therefore, database queries may be performed during view rendering. Explicitly configure spring.jpa.open-in-view to disable this warning
Cannot find template location: classpath:/templates/ (please add some templates or check your Thymeleaf configuration)
Started OrderDetailRepositoryTest in 8.692 seconds (JVM running for 10.997)
Closing JPA EntityManagerFactory for persistence unit 'default'
HikariPool-1 - Shutdown initiated...
HikariPool-1 - Shutdown completed.
Starting OrderDetailRepositoryTest using Java 1.8.0_312 on xiaxinyudeMacBook-Pro.local with PID 11698 (started by xiaxinyu in /Users/xiaxinyu/Desktop/github-repo/OrderSystem)
No active profile set, falling back to default profiles: default
HV000001: Hibernate Validator 6.0.11.Final
Bootstrapping Spring Data JPA repositories in DEFAULT mode.
Finished Spring Data repository scanning in 51 ms. Found 4 JPA repository interfaces.
HikariPool-1 - Starting...
HikariPool-1 - Start completed.
HHH000204: Processing PersistenceUnitInfo [name: default]
HHH000412: Hibernate ORM core version 5.6.3.Final
HCANN000001: Hibernate Commons Annotations {5.1.2.Final}
HHH000400: Using dialect: org.hibernate.dialect.MySQL57Dialect
HHH000490: Using JtaPlatform implementation: [org.hibernate.engine.transaction.jta.platform.internal.NoJtaPlatform]
Initialized JPA EntityManagerFactory for persistence unit 'default'
spring.jpa.open-in-view is enabled by default. Therefore, database queries may be performed during view rendering. Explicitly configure spring.jpa.open-in-view to disable this warning
Cannot find template location: classpath:/templates/ (please add some templates or check your Thymeleaf configuration)
Started OrderDetailRepositoryTest in 4.784 seconds (JVM running for 5.873)
Closing JPA EntityManagerFactory for persistence unit 'default'
HikariPool-1 - Shutdown initiated...
HikariPool-1 - Shutdown completed.
Starting OrderDetailRepositoryTest using Java 1.8.0_312 on xiaxinyudeMacBook-Pro.local with PID 11774 (started by xiaxinyu in /Users/xiaxinyu/Desktop/github-repo/OrderSystem)
No active profile set, falling back to default profiles: default
HV000001: Hibernate Validator 6.0.11.Final
Bootstrapping Spring Data JPA repositories in DEFAULT mode.
Finished Spring Data repository scanning in 58 ms. Found 4 JPA repository interfaces.
HikariPool-1 - Starting...
HikariPool-1 - Start completed.
HHH000204: Processing PersistenceUnitInfo [name: default]
HHH000412: Hibernate ORM core version 5.6.3.Final
HCANN000001: Hibernate Commons Annotations {5.1.2.Final}
HHH000400: Using dialect: org.hibernate.dialect.MySQL57Dialect
HHH000490: Using JtaPlatform implementation: [org.hibernate.engine.transaction.jta.platform.internal.NoJtaPlatform]
Initialized JPA EntityManagerFactory for persistence unit 'default'
spring.jpa.open-in-view is enabled by default. Therefore, database queries may be performed during view rendering. Explicitly configure spring.jpa.open-in-view to disable this warning
Cannot find template location: classpath:/templates/ (please add some templates or check your Thymeleaf configuration)
Started OrderDetailRepositoryTest in 5.602 seconds (JVM running for 7.362)
Closing JPA EntityManagerFactory for persistence unit 'default'
HikariPool-1 - Shutdown initiated...
HikariPool-1 - Shutdown completed.
Starting OrderDetailRepositoryTest using Java 1.8.0_312 on xiaxinyudeMacBook-Pro.local with PID 11779 (started by xiaxinyu in /Users/xiaxinyu/Desktop/github-repo/OrderSystem)
No active profile set, falling back to default profiles: default
HV000001: Hibernate Validator 6.0.11.Final
Bootstrapping Spring Data JPA repositories in DEFAULT mode.
Finished Spring Data repository scanning in 69 ms. Found 4 JPA repository interfaces.
HikariPool-1 - Starting...
HikariPool-1 - Start completed.
HHH000204: Processing PersistenceUnitInfo [name: default]
HHH000412: Hibernate ORM core version 5.6.3.Final
HCANN000001: Hibernate Commons Annotations {5.1.2.Final}
HHH000400: Using dialect: org.hibernate.dialect.MySQL57Dialect
HHH000490: Using JtaPlatform implementation: [org.hibernate.engine.transaction.jta.platform.internal.NoJtaPlatform]
Initialized JPA EntityManagerFactory for persistence unit 'default'
spring.jpa.open-in-view is enabled by default. Therefore, database queries may be performed during view rendering. Explicitly configure spring.jpa.open-in-view to disable this warning
Cannot find template location: classpath:/templates/ (please add some templates or check your Thymeleaf configuration)
Started OrderDetailRepositoryTest in 4.371 seconds (JVM running for 5.335)
Closing JPA EntityManagerFactory for persistence unit 'default'
HikariPool-1 - Shutdown initiated...
HikariPool-1 - Shutdown completed.
Starting OrderDetailRepositoryTest using Java 1.8.0_312 on xiaxinyudeMacBook-Pro.local with PID 11782 (started by xiaxinyu in /Users/xiaxinyu/Desktop/github-repo/OrderSystem)
No active profile set, falling back to default profiles: default
HV000001: Hibernate Validator 6.0.11.Final
Bootstrapping Spring Data JPA repositories in DEFAULT mode.
Finished Spring Data repository scanning in 66 ms. Found 4 JPA repository interfaces.
HikariPool-1 - Starting...
HikariPool-1 - Start completed.
HHH000204: Processing PersistenceUnitInfo [name: default]
HHH000412: Hibernate ORM core version 5.6.3.Final
HCANN000001: Hibernate Commons Annotations {5.1.2.Final}
HHH000400: Using dialect: org.hibernate.dialect.MySQL57Dialect
HHH000490: Using JtaPlatform implementation: [org.hibernate.engine.transaction.jta.platform.internal.NoJtaPlatform]
Initialized JPA EntityManagerFactory for persistence unit 'default'
spring.jpa.open-in-view is enabled by default. Therefore, database queries may be performed during view rendering. Explicitly configure spring.jpa.open-in-view to disable this warning
Cannot find template location: classpath:/templates/ (please add some templates or check your Thymeleaf configuration)
Started OrderDetailRepositoryTest in 5.559 seconds (JVM running for 7.256)
