Starting LoggerTest using Java 1.8.0_312 on xiaxinyudeMacBook-Pro.local with PID 34137 (started by xiaxinyu in /Users/xiaxinyu/Desktop/github-repo/OrderSystem)
No active profile set, falling back to default profiles: default
Started LoggerTest in 1.905 seconds (JVM running for 2.828)
info...
error...
Starting LoggerTest using Java 1.8.0_312 on xiaxinyudeMacBook-Pro.local with PID 34169 (started by xiaxinyu in /Users/xiaxinyu/Desktop/github-repo/OrderSystem)
No active profile set, falling back to default profiles: default
Started LoggerTest in 2.374 seconds (JVM running for 3.313)
info...
error...
Starting LoggerTest using Java 1.8.0_312 on xiaxinyudeMacBook-Pro.local with PID 34194 (started by xiaxinyu in /Users/xiaxinyu/Desktop/github-repo/OrderSystem)
No active profile set, falling back to default profiles: default
Started LoggerTest in 2.007 seconds (JVM running for 3.038)
info...
error...
Starting LoggerTest using Java 1.8.0_312 on xiaxinyudeMacBook-Pro.local with PID 34207 (started by xiaxinyu in /Users/xiaxinyu/Desktop/github-repo/OrderSystem)
No active profile set, falling back to default profiles: default
Started LoggerTest in 2.382 seconds (JVM running for 3.579)
info...
error...
Starting LoggerTest using Java 1.8.0_312 on xiaxinyudeMacBook-Pro.local with PID 34240 (started by xiaxinyu in /Users/xiaxinyu/Desktop/github-repo/OrderSystem)
No active profile set, falling back to default profiles: default
Started LoggerTest in 2.088 seconds (JVM running for 3.15)
info...
